Using pre-set license
Built from '2021.2/staging' branch; Version is '2021.2.14f1 (bcb93e5482d2) revision 12368190'; Using compiler version '192829333'; Build Type 'Release'
OS: 'Windows 11  (10.0.22000) 64bit Professional' Language: 'en' Physical Memory: 65382 MB
BatchMode: 1, IsHumanControllingUs: 0, StartBugReporterOnCrash: 0, Is64bit: 1, IsPro: 1

COMMAND LINE ARGUMENTS:
C:\Program Files\Unity\Hub\Editor\2021.2.14f1\Editor\Unity.exe
-adb2
-batchMode
-noUpm
-name
AssetImportWorker7
-projectPath
C:/Users/Diana/University/Assigments/Year_2/Block_3/Game_Lab/Github_Project/Gamelab
-logFile
Logs/AssetImportWorker7.log
-srvPort
55268
Successfully changed project path to: C:/Users/Diana/University/Assigments/Year_2/Block_3/Game_Lab/Github_Project/Gamelab
C:/Users/Diana/University/Assigments/Year_2/Block_3/Game_Lab/Github_Project/Gamelab
[UnityMemory] Configuration Parameters - Can be set up in boot.config
    "memorysetup-bucket-allocator-granularity=16"
    "memorysetup-bucket-allocator-bucket-count=8"
    "memorysetup-bucket-allocator-block-size=33554432"
    "memorysetup-bucket-allocator-block-count=8"
    "memorysetup-main-allocator-block-size=16777216"
    "memorysetup-thread-allocator-block-size=16777216"
    "memorysetup-gfx-main-allocator-block-size=16777216"
    "memorysetup-gfx-thread-allocator-block-size=16777216"
    "memorysetup-cache-allocator-block-size=4194304"
    "memorysetup-typetree-allocator-block-size=2097152"
    "memorysetup-profiler-bucket-allocator-granularity=16"
    "memorysetup-profiler-bucket-allocator-bucket-count=8"
    "memorysetup-profiler-bucket-allocator-block-size=33554432"
    "memorysetup-profiler-bucket-allocator-block-count=8"
    "memorysetup-profiler-allocator-block-size=16777216"
    "memorysetup-profiler-editor-allocator-block-size=1048576"
    "memorysetup-temp-allocator-size-main=16777216"
    "memorysetup-job-temp-allocator-block-size=2097152"
    "memorysetup-job-temp-allocator-block-size-background=1048576"
    "memorysetup-job-temp-allocator-reduction-small-platforms=262144"
    "memorysetup-temp-allocator-size-background-worker=32768"
    "memorysetup-temp-allocator-size-job-worker=262144"
    "memorysetup-temp-allocator-size-preload-manager=33554432"
    "memorysetup-temp-allocator-size-nav-mesh-worker=65536"
    "memorysetup-temp-allocator-size-audio-worker=65536"
    "memorysetup-temp-allocator-size-cloud-worker=32768"
    "memorysetup-temp-allocator-size-gi-baking-worker=262144"
    "memorysetup-temp-allocator-size-gfx=262144"
Refreshing native plugins compatible for Editor in 69.74 ms, found 3 plugins.
Preloading 0 native plugins for Editor in 0.00 ms.
Initialize engine version: 2021.2.14f1 (bcb93e5482d2)
[Subsystems] Discovering subsystems at path C:/Program Files/Unity/Hub/Editor/2021.2.14f1/Editor/Data/Resources/UnitySubsystems
[Subsystems] Discovering subsystems at path C:/Users/Diana/University/Assigments/Year_2/Block_3/Game_Lab/Github_Project/Gamelab/Assets
GfxDevice: creating device client; threaded=0; jobified=0
Direct3D:
    Version:  Direct3D 11.0 [level 11.1]
    Renderer: NVIDIA Quadro RTX 4000 (ID=0x1eb6)
    Vendor:   NVIDIA
    VRAM:     8018 MB
    Driver:   30.0.14.7298
Initialize mono
Mono path[0] = 'C:/Program Files/Unity/Hub/Editor/2021.2.14f1/Editor/Data/Managed'
Mono path[1] = 'C:/Program Files/Unity/Hub/Editor/2021.2.14f1/Editor/Data/MonoBleedingEdge/lib/mono/unityjit-win32'
Mono config path = 'C:/Program Files/Unity/Hub/Editor/2021.2.14f1/Editor/Data/MonoBleedingEdge/etc'
Using monoOptions --debugger-agent=transport=dt_socket,embedding=1,server=y,suspend=n,address=127.0.0.1:56592
Begin MonoManager ReloadAssembly
Registering precompiled unity dll's ...
Register platform support module: C:/Program Files/Unity/Hub/Editor/2021.2.14f1/Editor/Data/PlaybackEngines/WindowsStandaloneSupport/UnityEditor.WindowsStandalone.Extensions.dll
Registered in 0.003900 seconds.
Native extension for WindowsStandalone target not found
Refreshing native plugins compatible for Editor in 68.71 ms, found 3 plugins.
Preloading 0 native plugins for Editor in 0.00 ms.
Mono: successfully reloaded assembly
- Completed reload, in  0.619 seconds
Domain Reload Profiling:
	ReloadAssembly (619ms)
		BeginReloadAssembly (64ms)
			ExecutionOrderSort (0ms)
			DisableScriptedObjects (0ms)
			BackupInstance (0ms)
			ReleaseScriptingObjects (0ms)
			CreateAndSetChildDomain (1ms)
		EndReloadAssembly (447ms)
			LoadAssemblies (62ms)
			RebuildTransferFunctionScriptingTraits (0ms)
			SetupTypeCache (105ms)
			ReleaseScriptCaches (0ms)
			RebuildScriptCaches (27ms)
			SetupLoadedEditorAssemblies (269ms)
				LogAssemblyErrors (0ms)
				InitializePlatformSupportModulesInManaged (7ms)
				SetLoadedEditorAssemblies (0ms)
				RefreshPlugins (69ms)
				BeforeProcessingInitializeOnLoad (1ms)
				ProcessInitializeOnLoadAttributes (143ms)
				ProcessInitializeOnLoadMethodAttributes (49ms)
				AfterProcessingInitializeOnLoad (0ms)
				EditorAssembliesLoaded (0ms)
			ExecutionOrderSort2 (0ms)
			AwakeInstancesAfterBackupRestoration (0ms)
Platform modules already initialized, skipping
Registering precompiled user dll's ...
Registered in 0.005933 seconds.
Begin MonoManager ReloadAssembly
Symbol file LoadedFromMemory doesn't match image C:\Users\Diana\University\Assigments\Year_2\Block_3\Game_Lab\Github_Project\Gamelab\Library\PackageCache\com.unity.visualscripting@1.7.6\Editor\VisualScripting.Core\Dependencies\YamlDotNet\Unity.VisualScripting.YamlDotNet.dll
Symbol file LoadedFromMemory doesn't match image C:\Users\Diana\University\Assigments\Year_2\Block_3\Game_Lab\Github_Project\Gamelab\Library\PackageCache\com.unity.visualscripting@1.7.6\Editor\VisualScripting.Core\Dependencies\DotNetZip\Unity.VisualScripting.IonicZip.dll
Native extension for WindowsStandalone target not found
Refreshing native plugins compatible for Editor in 0.57 ms, found 3 plugins.
Preloading 0 native plugins for Editor in 0.00 ms.
Mono: successfully reloaded assembly
- Completed reload, in  1.120 seconds
Domain Reload Profiling:
	ReloadAssembly (1121ms)
		BeginReloadAssembly (97ms)
			ExecutionOrderSort (0ms)
			DisableScriptedObjects (6ms)
			BackupInstance (0ms)
			ReleaseScriptingObjects (0ms)
			CreateAndSetChildDomain (17ms)
		EndReloadAssembly (917ms)
			LoadAssemblies (67ms)
			RebuildTransferFunctionScriptingTraits (0ms)
			SetupTypeCache (202ms)
			ReleaseScriptCaches (1ms)
			RebuildScriptCaches (46ms)
			SetupLoadedEditorAssemblies (563ms)
				LogAssemblyErrors (0ms)
				InitializePlatformSupportModulesInManaged (6ms)
				SetLoadedEditorAssemblies (0ms)
				RefreshPlugins (1ms)
				BeforeProcessingInitializeOnLoad (71ms)
				ProcessInitializeOnLoadAttributes (458ms)
				ProcessInitializeOnLoadMethodAttributes (22ms)
				AfterProcessingInitializeOnLoad (5ms)
				EditorAssembliesLoaded (0ms)
			ExecutionOrderSort2 (0ms)
			AwakeInstancesAfterBackupRestoration (5ms)
Platform modules already initialized, skipping
========================================================================
Worker process is ready to serve import requests
Launched and connected shader compiler UnityShaderCompiler.exe after 0.06 seconds
Refreshing native plugins compatible for Editor in 0.62 ms, found 3 plugins.
Preloading 0 native plugins for Editor in 0.00 ms.
Unloading 3674 Unused Serialized files (Serialized files now loaded: 0)
Unloading 37 unused Assets / (1.3 MB). Loaded Objects now: 4122.
Memory consumption went from 148.6 MB to 147.3 MB.
Total: 4.736500 ms (FindLiveObjects: 0.299300 ms CreateObjectMapping: 0.174500 ms MarkObjects: 3.991200 ms  DeleteObjects: 0.270800 ms)

AssetImportParameters requested are different than current active one (requested -> active):
  custom:video-decoder-ogg-theora: a1e56fd34408186e4bbccfd4996cb3dc -> 
  custom:container-muxer-webm: aa71ff27fc2769a1b78a27578f13a17b -> 
  custom:container-demuxer-webm: 4f35f7cbe854078d1ac9338744f61a02 -> 
  custom:video-encoder-webm-vp8: eb34c28f22e8b96e1ab97ce403110664 -> 
  custom:audio-encoder-webm-vorbis: bf7c407c2cedff20999df2af8eb42d56 -> 
  custom:framework-win-MediaFoundation: 216162199b28c13a410421893ffa2e32 -> 
  custom:container-demuxer-ogg: 62fdf1f143b41e24485cea50d1cbac27 -> 
  custom:video-decoder-webm-vp8: 9c59270c3fd7afecdb556c50c9e8de78 -> 
  custom:audio-decoder-ogg-vorbis: bf7c407c2cedff20999df2af8eb42d56 -> 
========================================================================
Received Import Request.
  Time since last request: 2377171.718946 seconds.
  path: Assets/Meshes_Buildings/columns/ver_2/cyberpunk_column_base_Height.png
  artifactKey: Guid(8ac81539cca8efe40803a8a357d102eb) Importer(815301076,1909f56bfc062723c751e8b465ee728b)
Start importing Assets/Meshes_Buildings/columns/ver_2/cyberpunk_column_base_Height.png using Guid(8ac81539cca8efe40803a8a357d102eb) Importer(815301076,1909f56bfc062723c751e8b465ee728b)  -> (artifact id: 'cb82f29710e17d0caddc516db1d2dbe1') in 0.118975 seconds 
========================================================================
Received Import Request.
  Time since last request: 38.654086 seconds.
  path: Assets/Meshes_Buildings/columns/ver_4/column_column_Height.png
  artifactKey: Guid(09749949f3d5f414887378155572e94b) Importer(815301076,1909f56bfc062723c751e8b465ee728b)
Start importing Assets/Meshes_Buildings/columns/ver_4/column_column_Height.png using Guid(09749949f3d5f414887378155572e94b) Importer(815301076,1909f56bfc062723c751e8b465ee728b)  -> (artifact id: 'a43376cc52922fdb8c97efe170f793db') in 0.016123 seconds 
========================================================================
Received Import Request.
  Time since last request: 0.000015 seconds.
  path: Assets/Meshes_Buildings/columns/ver_4/column_column_Normal.png
  artifactKey: Guid(06efd3b6483e1534b9dd7db8017e26f4) Importer(815301076,1909f56bfc062723c751e8b465ee728b)
Start importing Assets/Meshes_Buildings/columns/ver_4/column_column_Normal.png using Guid(06efd3b6483e1534b9dd7db8017e26f4) Importer(815301076,1909f56bfc062723c751e8b465ee728b)  -> (artifact id: 'd3cc1bafe6cd8b2e742139e646d82eb1') in 0.045132 seconds 
========================================================================
Received Import Request.
  Time since last request: 16.473016 seconds.
  path: Assets/Meshes_Buildings/columns/ver_3/cyberpunk_column_groves_Height.png
  artifactKey: Guid(b1b4452419ce54c48961fd0e7d10b57f) Importer(815301076,1909f56bfc062723c751e8b465ee728b)
Start importing Assets/Meshes_Buildings/columns/ver_3/cyberpunk_column_groves_Height.png using Guid(b1b4452419ce54c48961fd0e7d10b57f) Importer(815301076,1909f56bfc062723c751e8b465ee728b)  -> (artifact id: '179d2e20911ce5f5428789e694f23f0f') in 0.023800 seconds 
========================================================================
Received Import Request.
  Time since last request: 0.000017 seconds.
  path: Assets/Meshes_Buildings/columns/ver_3/cyberpunk_column_groves_Roughness.png
  artifactKey: Guid(4994f17fb1fcecb4da60aeef0c41f863) Importer(815301076,1909f56bfc062723c751e8b465ee728b)
Start importing Assets/Meshes_Buildings/columns/ver_3/cyberpunk_column_groves_Roughness.png using Guid(4994f17fb1fcecb4da60aeef0c41f863) Importer(815301076,1909f56bfc062723c751e8b465ee728b)  -> (artifact id: '7962075ba74c2364c8a80f728ee539c3') in 0.013218 seconds 
========================================================================
Received Import Request.
  Time since last request: 16.933192 seconds.
  path: Assets/Materials_Buildings/modern_roman_2_2_2.mat
  artifactKey: Guid(77082b3258f24cf46b9340fd559a5128) Importer(815301076,1909f56bfc062723c751e8b465ee728b)
Start importing Assets/Materials_Buildings/modern_roman_2_2_2.mat using Guid(77082b3258f24cf46b9340fd559a5128) Importer(815301076,1909f56bfc062723c751e8b465ee728b)  -> (artifact id: '6414e8b284315f65bcc2d359515fdb78') in 0.088182 seconds 
