Using pre-set license
Built from '2021.2/staging' branch; Version is '2021.2.14f1 (bcb93e5482d2) revision 12368190'; Using compiler version '192829333'; Build Type 'Release'
OS: 'Windows 11  (10.0.22000) 64bit Professional' Language: 'en' Physical Memory: 65382 MB
BatchMode: 1, IsHumanControllingUs: 0, StartBugReporterOnCrash: 0, Is64bit: 1, IsPro: 1

COMMAND LINE ARGUMENTS:
C:\Program Files\Unity\Hub\Editor\2021.2.14f1\Editor\Unity.exe
-adb2
-batchMode
-noUpm
-name
AssetImportWorker6
-projectPath
C:/Users/Diana/University/Assigments/Year_2/Block_3/Game_Lab/Github_Project/Gamelab
-logFile
Logs/AssetImportWorker6.log
-srvPort
55268
Successfully changed project path to: C:/Users/Diana/University/Assigments/Year_2/Block_3/Game_Lab/Github_Project/Gamelab
C:/Users/Diana/University/Assigments/Year_2/Block_3/Game_Lab/Github_Project/Gamelab
[UnityMemory] Configuration Parameters - Can be set up in boot.config
    "memorysetup-bucket-allocator-granularity=16"
    "memorysetup-bucket-allocator-bucket-count=8"
    "memorysetup-bucket-allocator-block-size=33554432"
    "memorysetup-bucket-allocator-block-count=8"
    "memorysetup-main-allocator-block-size=16777216"
    "memorysetup-thread-allocator-block-size=16777216"
    "memorysetup-gfx-main-allocator-block-size=16777216"
    "memorysetup-gfx-thread-allocator-block-size=16777216"
    "memorysetup-cache-allocator-block-size=4194304"
    "memorysetup-typetree-allocator-block-size=2097152"
    "memorysetup-profiler-bucket-allocator-granularity=16"
    "memorysetup-profiler-bucket-allocator-bucket-count=8"
    "memorysetup-profiler-bucket-allocator-block-size=33554432"
    "memorysetup-profiler-bucket-allocator-block-count=8"
    "memorysetup-profiler-allocator-block-size=16777216"
    "memorysetup-profiler-editor-allocator-block-size=1048576"
    "memorysetup-temp-allocator-size-main=16777216"
    "memorysetup-job-temp-allocator-block-size=2097152"
    "memorysetup-job-temp-allocator-block-size-background=1048576"
    "memorysetup-job-temp-allocator-reduction-small-platforms=262144"
    "memorysetup-temp-allocator-size-background-worker=32768"
    "memorysetup-temp-allocator-size-job-worker=262144"
    "memorysetup-temp-allocator-size-preload-manager=33554432"
    "memorysetup-temp-allocator-size-nav-mesh-worker=65536"
    "memorysetup-temp-allocator-size-audio-worker=65536"
    "memorysetup-temp-allocator-size-cloud-worker=32768"
    "memorysetup-temp-allocator-size-gi-baking-worker=262144"
    "memorysetup-temp-allocator-size-gfx=262144"
Refreshing native plugins compatible for Editor in 69.01 ms, found 3 plugins.
Preloading 0 native plugins for Editor in 0.00 ms.
Initialize engine version: 2021.2.14f1 (bcb93e5482d2)
[Subsystems] Discovering subsystems at path C:/Program Files/Unity/Hub/Editor/2021.2.14f1/Editor/Data/Resources/UnitySubsystems
[Subsystems] Discovering subsystems at path C:/Users/Diana/University/Assigments/Year_2/Block_3/Game_Lab/Github_Project/Gamelab/Assets
GfxDevice: creating device client; threaded=0; jobified=0
Direct3D:
    Version:  Direct3D 11.0 [level 11.1]
    Renderer: NVIDIA Quadro RTX 4000 (ID=0x1eb6)
    Vendor:   NVIDIA
    VRAM:     8018 MB
    Driver:   30.0.14.7298
Initialize mono
Mono path[0] = 'C:/Program Files/Unity/Hub/Editor/2021.2.14f1/Editor/Data/Managed'
Mono path[1] = 'C:/Program Files/Unity/Hub/Editor/2021.2.14f1/Editor/Data/MonoBleedingEdge/lib/mono/unityjit-win32'
Mono config path = 'C:/Program Files/Unity/Hub/Editor/2021.2.14f1/Editor/Data/MonoBleedingEdge/etc'
Using monoOptions --debugger-agent=transport=dt_socket,embedding=1,server=y,suspend=n,address=127.0.0.1:56628
Begin MonoManager ReloadAssembly
Registering precompiled unity dll's ...
Register platform support module: C:/Program Files/Unity/Hub/Editor/2021.2.14f1/Editor/Data/PlaybackEngines/WindowsStandaloneSupport/UnityEditor.WindowsStandalone.Extensions.dll
Registered in 0.004034 seconds.
Native extension for WindowsStandalone target not found
Refreshing native plugins compatible for Editor in 67.88 ms, found 3 plugins.
Preloading 0 native plugins for Editor in 0.00 ms.
Mono: successfully reloaded assembly
- Completed reload, in  0.597 seconds
Domain Reload Profiling:
	ReloadAssembly (598ms)
		BeginReloadAssembly (64ms)
			ExecutionOrderSort (0ms)
			DisableScriptedObjects (0ms)
			BackupInstance (0ms)
			ReleaseScriptingObjects (0ms)
			CreateAndSetChildDomain (1ms)
		EndReloadAssembly (421ms)
			LoadAssemblies (62ms)
			RebuildTransferFunctionScriptingTraits (0ms)
			SetupTypeCache (97ms)
			ReleaseScriptCaches (0ms)
			RebuildScriptCaches (27ms)
			SetupLoadedEditorAssemblies (251ms)
				LogAssemblyErrors (0ms)
				InitializePlatformSupportModulesInManaged (7ms)
				SetLoadedEditorAssemblies (0ms)
				RefreshPlugins (68ms)
				BeforeProcessingInitializeOnLoad (1ms)
				ProcessInitializeOnLoadAttributes (132ms)
				ProcessInitializeOnLoadMethodAttributes (43ms)
				AfterProcessingInitializeOnLoad (0ms)
				EditorAssembliesLoaded (0ms)
			ExecutionOrderSort2 (0ms)
			AwakeInstancesAfterBackupRestoration (0ms)
Platform modules already initialized, skipping
Registering precompiled user dll's ...
Registered in 0.004701 seconds.
Begin MonoManager ReloadAssembly
Symbol file LoadedFromMemory doesn't match image C:\Users\Diana\University\Assigments\Year_2\Block_3\Game_Lab\Github_Project\Gamelab\Library\PackageCache\com.unity.visualscripting@1.7.6\Editor\VisualScripting.Core\Dependencies\YamlDotNet\Unity.VisualScripting.YamlDotNet.dll
Symbol file LoadedFromMemory doesn't match image C:\Users\Diana\University\Assigments\Year_2\Block_3\Game_Lab\Github_Project\Gamelab\Library\PackageCache\com.unity.visualscripting@1.7.6\Editor\VisualScripting.Core\Dependencies\DotNetZip\Unity.VisualScripting.IonicZip.dll
Native extension for WindowsStandalone target not found
Refreshing native plugins compatible for Editor in 0.60 ms, found 3 plugins.
Preloading 0 native plugins for Editor in 0.00 ms.
Mono: successfully reloaded assembly
- Completed reload, in  1.123 seconds
Domain Reload Profiling:
	ReloadAssembly (1123ms)
		BeginReloadAssembly (96ms)
			ExecutionOrderSort (0ms)
			DisableScriptedObjects (5ms)
			BackupInstance (0ms)
			ReleaseScriptingObjects (0ms)
			CreateAndSetChildDomain (18ms)
		EndReloadAssembly (924ms)
			LoadAssemblies (63ms)
			RebuildTransferFunctionScriptingTraits (0ms)
			SetupTypeCache (208ms)
			ReleaseScriptCaches (1ms)
			RebuildScriptCaches (47ms)
			SetupLoadedEditorAssemblies (567ms)
				LogAssemblyErrors (0ms)
				InitializePlatformSupportModulesInManaged (5ms)
				SetLoadedEditorAssemblies (0ms)
				RefreshPlugins (1ms)
				BeforeProcessingInitializeOnLoad (73ms)
				ProcessInitializeOnLoadAttributes (460ms)
				ProcessInitializeOnLoadMethodAttributes (22ms)
				AfterProcessingInitializeOnLoad (5ms)
				EditorAssembliesLoaded (0ms)
			ExecutionOrderSort2 (0ms)
			AwakeInstancesAfterBackupRestoration (5ms)
Platform modules already initialized, skipping
========================================================================
Worker process is ready to serve import requests
Launched and connected shader compiler UnityShaderCompiler.exe after 0.06 seconds
Refreshing native plugins compatible for Editor in 0.62 ms, found 3 plugins.
Preloading 0 native plugins for Editor in 0.00 ms.
Unloading 3674 Unused Serialized files (Serialized files now loaded: 0)
Unloading 37 unused Assets / (1.3 MB). Loaded Objects now: 4122.
Memory consumption went from 148.6 MB to 147.3 MB.
Total: 4.807300 ms (FindLiveObjects: 0.285200 ms CreateObjectMapping: 0.176500 ms MarkObjects: 4.068400 ms  DeleteObjects: 0.276500 ms)

AssetImportParameters requested are different than current active one (requested -> active):
  custom:video-decoder-ogg-theora: a1e56fd34408186e4bbccfd4996cb3dc -> 
  custom:container-muxer-webm: aa71ff27fc2769a1b78a27578f13a17b -> 
  custom:container-demuxer-webm: 4f35f7cbe854078d1ac9338744f61a02 -> 
  custom:video-encoder-webm-vp8: eb34c28f22e8b96e1ab97ce403110664 -> 
  custom:audio-encoder-webm-vorbis: bf7c407c2cedff20999df2af8eb42d56 -> 
  custom:framework-win-MediaFoundation: 216162199b28c13a410421893ffa2e32 -> 
  custom:container-demuxer-ogg: 62fdf1f143b41e24485cea50d1cbac27 -> 
  custom:video-decoder-webm-vp8: 9c59270c3fd7afecdb556c50c9e8de78 -> 
  custom:audio-decoder-ogg-vorbis: bf7c407c2cedff20999df2af8eb42d56 -> 
========================================================================
Received Import Request.
  Time since last request: 2376979.890745 seconds.
  path: Assets/Meshes_Buildings/modern_roman_2_2_2/modern_roman_building_2_version_1_Material_Emissive.png
  artifactKey: Guid(c82cdb295100d63459b7b682689b935d) Importer(815301076,1909f56bfc062723c751e8b465ee728b)
Start importing Assets/Meshes_Buildings/modern_roman_2_2_2/modern_roman_building_2_version_1_Material_Emissive.png using Guid(c82cdb295100d63459b7b682689b935d) Importer(815301076,1909f56bfc062723c751e8b465ee728b)  -> (artifact id: '94c673a62fd7f06dc81be557d78be013') in 0.100622 seconds 
========================================================================
Received Import Request.
  Time since last request: 71.009824 seconds.
  path: Assets/Materials_Buildings/columns/base_1.mat
  artifactKey: Guid(ff6a7fa639c25b5448d5201db9ec5420) Importer(815301076,1909f56bfc062723c751e8b465ee728b)
Start importing Assets/Materials_Buildings/columns/base_1.mat using Guid(ff6a7fa639c25b5448d5201db9ec5420) Importer(815301076,1909f56bfc062723c751e8b465ee728b)  -> (artifact id: '4169bfb2aef351a8258abaa6976b7d34') in 0.065974 seconds 
========================================================================
Received Import Request.
  Time since last request: 2.803450 seconds.
  path: Assets/Materials_Buildings/columns/base_1 1.mat
  artifactKey: Guid(c729382b4fe11c84a825489a6146d783) Importer(815301076,1909f56bfc062723c751e8b465ee728b)
Start importing Assets/Materials_Buildings/columns/base_1 1.mat using Guid(c729382b4fe11c84a825489a6146d783) Importer(815301076,1909f56bfc062723c751e8b465ee728b)  -> (artifact id: '6f75e3e38f2152b73c75918a3225ad95') in 0.016367 seconds 
========================================================================
Received Import Request.
  Time since last request: 0.183935 seconds.
  path: Assets/Materials_Buildings/columns/base_1 2.mat
  artifactKey: Guid(d2276b6bfdc529a4d991e640380ed891) Importer(815301076,1909f56bfc062723c751e8b465ee728b)
Start importing Assets/Materials_Buildings/columns/base_1 2.mat using Guid(d2276b6bfdc529a4d991e640380ed891) Importer(815301076,1909f56bfc062723c751e8b465ee728b)  -> (artifact id: 'f1a5db73c3eaef534f42d7c6c28b5943') in 0.015660 seconds 
========================================================================
Received Import Request.
  Time since last request: 9.363832 seconds.
  path: Assets/Materials_Buildings/columns/base_2.mat
  artifactKey: Guid(d2276b6bfdc529a4d991e640380ed891) Importer(815301076,1909f56bfc062723c751e8b465ee728b)
Start importing Assets/Materials_Buildings/columns/base_2.mat using Guid(d2276b6bfdc529a4d991e640380ed891) Importer(815301076,1909f56bfc062723c751e8b465ee728b)  -> (artifact id: '9a0cbf0a892699fc2aeba8715e9d67ce') in 0.014764 seconds 
========================================================================
Received Import Request.
  Time since last request: 6.162398 seconds.
  path: Assets/Materials_Buildings/columns/base_3.mat
  artifactKey: Guid(c729382b4fe11c84a825489a6146d783) Importer(815301076,1909f56bfc062723c751e8b465ee728b)
Start importing Assets/Materials_Buildings/columns/base_3.mat using Guid(c729382b4fe11c84a825489a6146d783) Importer(815301076,1909f56bfc062723c751e8b465ee728b)  -> (artifact id: '3f4bdf9ff2203093a38f7580a2ebe165') in 0.015431 seconds 
========================================================================
Received Import Request.
  Time since last request: 6.402220 seconds.
  path: Assets/Materials_Buildings/columns/base_1 1.mat
  artifactKey: Guid(3c06bacf9a5734b45a44b3707ad30917) Importer(815301076,1909f56bfc062723c751e8b465ee728b)
Start importing Assets/Materials_Buildings/columns/base_1 1.mat using Guid(3c06bacf9a5734b45a44b3707ad30917) Importer(815301076,1909f56bfc062723c751e8b465ee728b)  -> (artifact id: '07094e79db43483fecc290b02ba1de42') in 0.015740 seconds 
========================================================================
Received Import Request.
  Time since last request: 0.260720 seconds.
  path: Assets/Materials_Buildings/columns/base_1 2.mat
  artifactKey: Guid(82ac5691dfa599848a0887e90e58c573) Importer(815301076,1909f56bfc062723c751e8b465ee728b)
Start importing Assets/Materials_Buildings/columns/base_1 2.mat using Guid(82ac5691dfa599848a0887e90e58c573) Importer(815301076,1909f56bfc062723c751e8b465ee728b)  -> (artifact id: 'ef4db308113912ba65e03e0571a3ddfa') in 0.015154 seconds 
========================================================================
Received Import Request.
  Time since last request: 0.312578 seconds.
  path: Assets/Materials_Buildings/columns/base_1 3.mat
  artifactKey: Guid(edfb0ebc0c2f7c94084717f83255afc5) Importer(815301076,1909f56bfc062723c751e8b465ee728b)
Start importing Assets/Materials_Buildings/columns/base_1 3.mat using Guid(edfb0ebc0c2f7c94084717f83255afc5) Importer(815301076,1909f56bfc062723c751e8b465ee728b)  -> (artifact id: 'c24d625ac44493aa5060f66e3c440bf7') in 0.012699 seconds 
========================================================================
Received Import Request.
  Time since last request: 5.933829 seconds.
  path: Assets/Materials_Buildings/columns/emission_1.mat
  artifactKey: Guid(edfb0ebc0c2f7c94084717f83255afc5) Importer(815301076,1909f56bfc062723c751e8b465ee728b)
Start importing Assets/Materials_Buildings/columns/emission_1.mat using Guid(edfb0ebc0c2f7c94084717f83255afc5) Importer(815301076,1909f56bfc062723c751e8b465ee728b)  -> (artifact id: '88ef4610923856a1d339e051206d7141') in 0.015121 seconds 
========================================================================
Received Import Request.
  Time since last request: 7.066016 seconds.
  path: Assets/Materials_Buildings/columns/emission_2.mat
  artifactKey: Guid(82ac5691dfa599848a0887e90e58c573) Importer(815301076,1909f56bfc062723c751e8b465ee728b)
Start importing Assets/Materials_Buildings/columns/emission_2.mat using Guid(82ac5691dfa599848a0887e90e58c573) Importer(815301076,1909f56bfc062723c751e8b465ee728b)  -> (artifact id: '69ebf53c410429112b25b26e1c265c49') in 0.015275 seconds 
========================================================================
Received Import Request.
  Time since last request: 6.664162 seconds.
  path: Assets/Materials_Buildings/columns/emission_3.mat
  artifactKey: Guid(3c06bacf9a5734b45a44b3707ad30917) Importer(815301076,1909f56bfc062723c751e8b465ee728b)
Start importing Assets/Materials_Buildings/columns/emission_3.mat using Guid(3c06bacf9a5734b45a44b3707ad30917) Importer(815301076,1909f56bfc062723c751e8b465ee728b)  -> (artifact id: 'bd1423076bd8a910dd152c35d7ec1c3b') in 0.013487 seconds 
========================================================================
Received Import Request.
  Time since last request: 21.520905 seconds.
  path: Assets/Meshes_Buildings/columns/ver_1/cyberpunk_column_base_BaseColor.png
  artifactKey: Guid(882abd5293b27d941b1173b35c484d34) Importer(815301076,1909f56bfc062723c751e8b465ee728b)
Start importing Assets/Meshes_Buildings/columns/ver_1/cyberpunk_column_base_BaseColor.png using Guid(882abd5293b27d941b1173b35c484d34) Importer(815301076,1909f56bfc062723c751e8b465ee728b)  -> (artifact id: '7053ca2a5c73c290ba63f127a97ea933') in 0.051901 seconds 
========================================================================
Received Import Request.
  Time since last request: 0.000017 seconds.
  path: Assets/Meshes_Buildings/columns/ver_1/cyberpunk_column_groves_BaseColor.png
  artifactKey: Guid(0a1e97a2126721f4c87a1a4f91325db8) Importer(815301076,1909f56bfc062723c751e8b465ee728b)
Start importing Assets/Meshes_Buildings/columns/ver_1/cyberpunk_column_groves_BaseColor.png using Guid(0a1e97a2126721f4c87a1a4f91325db8) Importer(815301076,1909f56bfc062723c751e8b465ee728b)  -> (artifact id: 'b661c993df775c686893b25a921aaf47') in 0.016531 seconds 
========================================================================
Received Import Request.
  Time since last request: 0.000024 seconds.
  path: Assets/Meshes_Buildings/columns/ver_1/cyberpunk_column_groves_Roughness.png
  artifactKey: Guid(88bcd47df15c8d9429f011a6effc5a6f) Importer(815301076,1909f56bfc062723c751e8b465ee728b)
Start importing Assets/Meshes_Buildings/columns/ver_1/cyberpunk_column_groves_Roughness.png using Guid(88bcd47df15c8d9429f011a6effc5a6f) Importer(815301076,1909f56bfc062723c751e8b465ee728b)  -> (artifact id: '35e8c35654d5c3966de9853bd0f93d08') in 0.014541 seconds 
========================================================================
Received Import Request.
  Time since last request: 0.000016 seconds.
  path: Assets/Meshes_Buildings/columns/ver_1/cyberpunk_column_base_Metallic.png
  artifactKey: Guid(26a6e88b5a76f2147ac179585c4ee662) Importer(815301076,1909f56bfc062723c751e8b465ee728b)
Start importing Assets/Meshes_Buildings/columns/ver_1/cyberpunk_column_base_Metallic.png using Guid(26a6e88b5a76f2147ac179585c4ee662) Importer(815301076,1909f56bfc062723c751e8b465ee728b)  -> (artifact id: 'c74a8dd43f12ad3d2e52495265f4f0fa') in 0.014502 seconds 
========================================================================
Received Import Request.
  Time since last request: 0.000039 seconds.
  path: Assets/Meshes_Buildings/columns/ver_1/cyberpunk_column_groves_Height.png
  artifactKey: Guid(7436f468d6b059141824645fb8492767) Importer(815301076,1909f56bfc062723c751e8b465ee728b)
Start importing Assets/Meshes_Buildings/columns/ver_1/cyberpunk_column_groves_Height.png using Guid(7436f468d6b059141824645fb8492767) Importer(815301076,1909f56bfc062723c751e8b465ee728b)  -> (artifact id: '1eae51e858e340bf7a71d7a906fa94ee') in 0.024596 seconds 
========================================================================
Received Import Request.
  Time since last request: 0.000015 seconds.
  path: Assets/Meshes_Buildings/columns/ver_1/cyberpunk_column_base_Normal.png
  artifactKey: Guid(bb74042db016fea429f49e020e04178b) Importer(815301076,1909f56bfc062723c751e8b465ee728b)
Start importing Assets/Meshes_Buildings/columns/ver_1/cyberpunk_column_base_Normal.png using Guid(bb74042db016fea429f49e020e04178b) Importer(815301076,1909f56bfc062723c751e8b465ee728b)  -> (artifact id: 'd45f1102d16b404942bceb17b31f1002') in 0.026211 seconds 
========================================================================
Received Import Request.
  Time since last request: 53.556824 seconds.
  path: Assets/Meshes_Buildings/columns/ver_2/cyberpunk_column_base_BaseColor.png
  artifactKey: Guid(62fa36bcc3c167248af83b7ab0b363a6) Importer(815301076,1909f56bfc062723c751e8b465ee728b)
Start importing Assets/Meshes_Buildings/columns/ver_2/cyberpunk_column_base_BaseColor.png using Guid(62fa36bcc3c167248af83b7ab0b363a6) Importer(815301076,1909f56bfc062723c751e8b465ee728b)  -> (artifact id: '3a670169b068bb6b8cc3ad04eca4a49e') in 0.018375 seconds 
========================================================================
Received Import Request.
  Time since last request: 0.000053 seconds.
  path: Assets/Meshes_Buildings/columns/ver_2/cyberpunk_column_groves_Height.png
  artifactKey: Guid(09e97dc981e4de54e830f89751aaee54) Importer(815301076,1909f56bfc062723c751e8b465ee728b)
Start importing Assets/Meshes_Buildings/columns/ver_2/cyberpunk_column_groves_Height.png using Guid(09e97dc981e4de54e830f89751aaee54) Importer(815301076,1909f56bfc062723c751e8b465ee728b)  -> (artifact id: '7c015af711564da64000d7f799686173') in 0.012699 seconds 
========================================================================
Received Import Request.
  Time since last request: 0.000021 seconds.
  path: Assets/Meshes_Buildings/columns/ver_2/cyberpunk_column_groves_BaseColor.png
  artifactKey: Guid(d5f818b9fe124b94ca195d518bced9ff) Importer(815301076,1909f56bfc062723c751e8b465ee728b)
Start importing Assets/Meshes_Buildings/columns/ver_2/cyberpunk_column_groves_BaseColor.png using Guid(d5f818b9fe124b94ca195d518bced9ff) Importer(815301076,1909f56bfc062723c751e8b465ee728b)  -> (artifact id: '78b3a3b34097cd534812fa0a4c68702b') in 0.013298 seconds 
========================================================================
Received Import Request.
  Time since last request: 0.000025 seconds.
  path: Assets/Meshes_Buildings/columns/ver_2/cyberpunk_column_base_Roughness.png
  artifactKey: Guid(291482314dd60b14db9d41eee44988eb) Importer(815301076,1909f56bfc062723c751e8b465ee728b)
Start importing Assets/Meshes_Buildings/columns/ver_2/cyberpunk_column_base_Roughness.png using Guid(291482314dd60b14db9d41eee44988eb) Importer(815301076,1909f56bfc062723c751e8b465ee728b)  -> (artifact id: '84d200dd725c1643e3aadf1443117412') in 0.022067 seconds 
========================================================================
Received Import Request.
  Time since last request: 0.000027 seconds.
  path: Assets/Meshes_Buildings/columns/ver_2/cyberpunk_column_groves_Emissive.png
  artifactKey: Guid(9cea7f77667c2f34eb962bd38f34014e) Importer(815301076,1909f56bfc062723c751e8b465ee728b)
Start importing Assets/Meshes_Buildings/columns/ver_2/cyberpunk_column_groves_Emissive.png using Guid(9cea7f77667c2f34eb962bd38f34014e) Importer(815301076,1909f56bfc062723c751e8b465ee728b)  -> (artifact id: '34865a30b0dc85dd26c629856036b5ea') in 0.013064 seconds 
========================================================================
Received Import Request.
  Time since last request: 38.655563 seconds.
  path: Assets/Meshes_Buildings/columns/ver_4/column_column_BaseColor.png
  artifactKey: Guid(ae7203a6be7de1247934b3437745076d) Importer(815301076,1909f56bfc062723c751e8b465ee728b)
Start importing Assets/Meshes_Buildings/columns/ver_4/column_column_BaseColor.png using Guid(ae7203a6be7de1247934b3437745076d) Importer(815301076,1909f56bfc062723c751e8b465ee728b)  -> (artifact id: 'd87739bfdb7355db45ad1df7bbf67f9f') in 0.018997 seconds 
========================================================================
Received Import Request.
  Time since last request: 0.000024 seconds.
  path: Assets/Meshes_Buildings/columns/ver_4/column_column_Metallic.png
  artifactKey: Guid(0e1dcf003a4a81d41b0d33f43ec50623) Importer(815301076,1909f56bfc062723c751e8b465ee728b)
Start importing Assets/Meshes_Buildings/columns/ver_4/column_column_Metallic.png using Guid(0e1dcf003a4a81d41b0d33f43ec50623) Importer(815301076,1909f56bfc062723c751e8b465ee728b)  -> (artifact id: '4b46d98dffb02888461b566113921fbd') in 0.016303 seconds 
========================================================================
Received Import Request.
  Time since last request: 16.498064 seconds.
  path: Assets/Meshes_Buildings/columns/ver_3/cyberpunk_column_groves_BaseColor.png
  artifactKey: Guid(0ed3783e434f2844ba8518e5c6bf0f67) Importer(815301076,1909f56bfc062723c751e8b465ee728b)
Start importing Assets/Meshes_Buildings/columns/ver_3/cyberpunk_column_groves_BaseColor.png using Guid(0ed3783e434f2844ba8518e5c6bf0f67) Importer(815301076,1909f56bfc062723c751e8b465ee728b)  -> (artifact id: '182e6c0885b077825d7c42963eb216a6') in 0.027338 seconds 
========================================================================
Received Import Request.
  Time since last request: 0.000029 seconds.
  path: Assets/Meshes_Buildings/columns/ver_3/cyberpunk_column_groves_Metallic.png
  artifactKey: Guid(b1a335d7121ec404ca8a0eb09507094e) Importer(815301076,1909f56bfc062723c751e8b465ee728b)
Start importing Assets/Meshes_Buildings/columns/ver_3/cyberpunk_column_groves_Metallic.png using Guid(b1a335d7121ec404ca8a0eb09507094e) Importer(815301076,1909f56bfc062723c751e8b465ee728b)  -> (artifact id: '61ab68dc772b1fafbdd048cdcc2e4cab') in 0.027508 seconds 
========================================================================
Received Import Request.
  Time since last request: 16.914617 seconds.
  path: Assets/Materials_Buildings/modern_1_base.mat
  artifactKey: Guid(7e63f3d78dcc14d4cbfd78d8385c5a81) Importer(815301076,1909f56bfc062723c751e8b465ee728b)
Start importing Assets/Materials_Buildings/modern_1_base.mat using Guid(7e63f3d78dcc14d4cbfd78d8385c5a81) Importer(815301076,1909f56bfc062723c751e8b465ee728b)  -> (artifact id: '7e2480b4c0041915f242a25df3a19e06') in 0.030167 seconds 
========================================================================
Received Import Request.
  Time since last request: 299.626015 seconds.
  path: Assets/Materials_Buildings/modern_buildin_4
  artifactKey: Guid(1aa8b7a65b7ef944ea93f6111d51aef3) Importer(815301076,1909f56bfc062723c751e8b465ee728b)
Start importing Assets/Materials_Buildings/modern_buildin_4 using Guid(1aa8b7a65b7ef944ea93f6111d51aef3) Importer(815301076,1909f56bfc062723c751e8b465ee728b)  -> (artifact id: 'dd8d52f82576d7b37f4542440c37e5d5') in 0.008121 seconds 
========================================================================
Received Import Request.
  Time since last request: 0.807373 seconds.
  path: Assets/Materials_Buildings/modern_roman_1
  artifactKey: Guid(bfaeeba84b53ef34287ff4b5b03c551c) Importer(815301076,1909f56bfc062723c751e8b465ee728b)
Start importing Assets/Materials_Buildings/modern_roman_1 using Guid(bfaeeba84b53ef34287ff4b5b03c551c) Importer(815301076,1909f56bfc062723c751e8b465ee728b)  -> (artifact id: '26f66376eb3ccfd3d65a1a85acd2dff5') in 0.006901 seconds 
