Using pre-set license
Built from '2021.2/staging' branch; Version is '2021.2.14f1 (bcb93e5482d2) revision 12368190'; Using compiler version '192829333'; Build Type 'Release'
OS: 'Windows 11  (10.0.22000) 64bit Professional' Language: 'en' Physical Memory: 65382 MB
BatchMode: 1, IsHumanControllingUs: 0, StartBugReporterOnCrash: 0, Is64bit: 1, IsPro: 1

COMMAND LINE ARGUMENTS:
C:\Program Files\Unity\Hub\Editor\2021.2.14f1\Editor\Unity.exe
-adb2
-batchMode
-noUpm
-name
AssetImportWorker1
-projectPath
C:/Users/Diana/University/Assigments/Year_2/Block_3/Game_Lab/Github_Project/Gamelab
-logFile
Logs/AssetImportWorker1.log
-srvPort
58000
Successfully changed project path to: C:/Users/Diana/University/Assigments/Year_2/Block_3/Game_Lab/Github_Project/Gamelab
C:/Users/Diana/University/Assigments/Year_2/Block_3/Game_Lab/Github_Project/Gamelab
[UnityMemory] Configuration Parameters - Can be set up in boot.config
    "memorysetup-bucket-allocator-granularity=16"
    "memorysetup-bucket-allocator-bucket-count=8"
    "memorysetup-bucket-allocator-block-size=33554432"
    "memorysetup-bucket-allocator-block-count=8"
    "memorysetup-main-allocator-block-size=16777216"
    "memorysetup-thread-allocator-block-size=16777216"
    "memorysetup-gfx-main-allocator-block-size=16777216"
    "memorysetup-gfx-thread-allocator-block-size=16777216"
    "memorysetup-cache-allocator-block-size=4194304"
    "memorysetup-typetree-allocator-block-size=2097152"
    "memorysetup-profiler-bucket-allocator-granularity=16"
    "memorysetup-profiler-bucket-allocator-bucket-count=8"
    "memorysetup-profiler-bucket-allocator-block-size=33554432"
    "memorysetup-profiler-bucket-allocator-block-count=8"
    "memorysetup-profiler-allocator-block-size=16777216"
    "memorysetup-profiler-editor-allocator-block-size=1048576"
    "memorysetup-temp-allocator-size-main=16777216"
    "memorysetup-job-temp-allocator-block-size=2097152"
    "memorysetup-job-temp-allocator-block-size-background=1048576"
    "memorysetup-job-temp-allocator-reduction-small-platforms=262144"
    "memorysetup-temp-allocator-size-background-worker=32768"
    "memorysetup-temp-allocator-size-job-worker=262144"
    "memorysetup-temp-allocator-size-preload-manager=33554432"
    "memorysetup-temp-allocator-size-nav-mesh-worker=65536"
    "memorysetup-temp-allocator-size-audio-worker=65536"
    "memorysetup-temp-allocator-size-cloud-worker=32768"
    "memorysetup-temp-allocator-size-gi-baking-worker=262144"
    "memorysetup-temp-allocator-size-gfx=262144"
Refreshing native plugins compatible for Editor in 92.90 ms, found 3 plugins.
Preloading 0 native plugins for Editor in 0.00 ms.
Initialize engine version: 2021.2.14f1 (bcb93e5482d2)
[Subsystems] Discovering subsystems at path C:/Program Files/Unity/Hub/Editor/2021.2.14f1/Editor/Data/Resources/UnitySubsystems
[Subsystems] Discovering subsystems at path C:/Users/Diana/University/Assigments/Year_2/Block_3/Game_Lab/Github_Project/Gamelab/Assets
GfxDevice: creating device client; threaded=0; jobified=0
Direct3D:
    Version:  Direct3D 11.0 [level 11.1]
    Renderer: NVIDIA Quadro RTX 4000 (ID=0x1eb6)
    Vendor:   NVIDIA
    VRAM:     8018 MB
    Driver:   30.0.14.7298
Initialize mono
Mono path[0] = 'C:/Program Files/Unity/Hub/Editor/2021.2.14f1/Editor/Data/Managed'
Mono path[1] = 'C:/Program Files/Unity/Hub/Editor/2021.2.14f1/Editor/Data/MonoBleedingEdge/lib/mono/unityjit-win32'
Mono config path = 'C:/Program Files/Unity/Hub/Editor/2021.2.14f1/Editor/Data/MonoBleedingEdge/etc'
Using monoOptions --debugger-agent=transport=dt_socket,embedding=1,server=y,suspend=n,address=127.0.0.1:56388
Begin MonoManager ReloadAssembly
Registering precompiled unity dll's ...
Register platform support module: C:/Program Files/Unity/Hub/Editor/2021.2.14f1/Editor/Data/PlaybackEngines/WindowsStandaloneSupport/UnityEditor.WindowsStandalone.Extensions.dll
Registered in 0.004092 seconds.
Native extension for WindowsStandalone target not found
Refreshing native plugins compatible for Editor in 100.63 ms, found 3 plugins.
Preloading 0 native plugins for Editor in 0.00 ms.
Mono: successfully reloaded assembly
- Completed reload, in  0.650 seconds
Domain Reload Profiling:
	ReloadAssembly (651ms)
		BeginReloadAssembly (67ms)
			ExecutionOrderSort (0ms)
			DisableScriptedObjects (0ms)
			BackupInstance (0ms)
			ReleaseScriptingObjects (0ms)
			CreateAndSetChildDomain (1ms)
		EndReloadAssembly (481ms)
			LoadAssemblies (65ms)
			RebuildTransferFunctionScriptingTraits (0ms)
			SetupTypeCache (97ms)
			ReleaseScriptCaches (0ms)
			RebuildScriptCaches (29ms)
			SetupLoadedEditorAssemblies (306ms)
				LogAssemblyErrors (0ms)
				InitializePlatformSupportModulesInManaged (6ms)
				SetLoadedEditorAssemblies (0ms)
				RefreshPlugins (101ms)
				BeforeProcessingInitializeOnLoad (1ms)
				ProcessInitializeOnLoadAttributes (152ms)
				ProcessInitializeOnLoadMethodAttributes (46ms)
				AfterProcessingInitializeOnLoad (0ms)
				EditorAssembliesLoaded (0ms)
			ExecutionOrderSort2 (0ms)
			AwakeInstancesAfterBackupRestoration (0ms)
Platform modules already initialized, skipping
Registering precompiled user dll's ...
Registered in 0.005946 seconds.
Begin MonoManager ReloadAssembly
Symbol file LoadedFromMemory doesn't match image C:\Users\Diana\University\Assigments\Year_2\Block_3\Game_Lab\Github_Project\Gamelab\Library\PackageCache\com.unity.visualscripting@1.7.6\Editor\VisualScripting.Core\Dependencies\YamlDotNet\Unity.VisualScripting.YamlDotNet.dll
Symbol file LoadedFromMemory doesn't match image C:\Users\Diana\University\Assigments\Year_2\Block_3\Game_Lab\Github_Project\Gamelab\Library\PackageCache\com.unity.visualscripting@1.7.6\Editor\VisualScripting.Core\Dependencies\DotNetZip\Unity.VisualScripting.IonicZip.dll
Native extension for WindowsStandalone target not found
Refreshing native plugins compatible for Editor in 97.90 ms, found 3 plugins.
Preloading 0 native plugins for Editor in 0.00 ms.
Mono: successfully reloaded assembly
- Completed reload, in  1.822 seconds
Domain Reload Profiling:
	ReloadAssembly (1823ms)
		BeginReloadAssembly (110ms)
			ExecutionOrderSort (0ms)
			DisableScriptedObjects (6ms)
			BackupInstance (0ms)
			ReleaseScriptingObjects (0ms)
			CreateAndSetChildDomain (17ms)
		EndReloadAssembly (1581ms)
			LoadAssemblies (79ms)
			RebuildTransferFunctionScriptingTraits (0ms)
			SetupTypeCache (276ms)
			ReleaseScriptCaches (1ms)
			RebuildScriptCaches (60ms)
			SetupLoadedEditorAssemblies (1130ms)
				LogAssemblyErrors (0ms)
				InitializePlatformSupportModulesInManaged (4ms)
				SetLoadedEditorAssemblies (0ms)
				RefreshPlugins (98ms)
				BeforeProcessingInitializeOnLoad (107ms)
				ProcessInitializeOnLoadAttributes (831ms)
				ProcessInitializeOnLoadMethodAttributes (81ms)
				AfterProcessingInitializeOnLoad (8ms)
				EditorAssembliesLoaded (0ms)
			ExecutionOrderSort2 (0ms)
			AwakeInstancesAfterBackupRestoration (7ms)
Platform modules already initialized, skipping
========================================================================
Worker process is ready to serve import requests
Launched and connected shader compiler UnityShaderCompiler.exe after 0.06 seconds
Refreshing native plugins compatible for Editor in 0.84 ms, found 3 plugins.
Preloading 0 native plugins for Editor in 0.00 ms.
Unloading 5078 Unused Serialized files (Serialized files now loaded: 0)
Unloading 42 unused Assets / (1.9 MB). Loaded Objects now: 5523.
Memory consumption went from 205.9 MB to 203.9 MB.
Total: 5.472500 ms (FindLiveObjects: 0.478900 ms CreateObjectMapping: 0.433400 ms MarkObjects: 3.962600 ms  DeleteObjects: 0.596800 ms)

AssetImportParameters requested are different than current active one (requested -> active):
  custom:video-decoder-ogg-theora: a1e56fd34408186e4bbccfd4996cb3dc -> 
  custom:container-muxer-webm: aa71ff27fc2769a1b78a27578f13a17b -> 
  custom:container-demuxer-webm: 4f35f7cbe854078d1ac9338744f61a02 -> 
  custom:video-encoder-webm-vp8: eb34c28f22e8b96e1ab97ce403110664 -> 
  custom:audio-encoder-webm-vorbis: bf7c407c2cedff20999df2af8eb42d56 -> 
  custom:framework-win-MediaFoundation: 216162199b28c13a410421893ffa2e32 -> 
  custom:container-demuxer-ogg: 62fdf1f143b41e24485cea50d1cbac27 -> 
  custom:video-decoder-webm-vp8: 9c59270c3fd7afecdb556c50c9e8de78 -> 
  custom:audio-decoder-ogg-vorbis: bf7c407c2cedff20999df2af8eb42d56 -> 
========================================================================
Received Import Request.
  Time since last request: 102134.127552 seconds.
  path: Assets/Devs/Models/FBX format/large_buildingA1.fbx
  artifactKey: Guid(7f3d8c1f4ca9bff4b8815f530dcd6ac4) Importer(815301076,1909f56bfc062723c751e8b465ee728b)
Start importing Assets/Devs/Models/FBX format/large_buildingA1.fbx using Guid(7f3d8c1f4ca9bff4b8815f530dcd6ac4) Importer(815301076,1909f56bfc062723c751e8b465ee728b)  -> (artifact id: 'b903b634a0f7009c83a721503e185d8c') in 0.216061 seconds 
========================================================================
Received Import Request.
  Time since last request: 219.957571 seconds.
  path: Assets/Devs/Prefabs/Bridge (15).prefab
  artifactKey: Guid(5f417f2b84f44124e82b5bc006284abb) Importer(815301076,1909f56bfc062723c751e8b465ee728b)
Start importing Assets/Devs/Prefabs/Bridge (15).prefab using Guid(5f417f2b84f44124e82b5bc006284abb) Importer(815301076,1909f56bfc062723c751e8b465ee728b)  -> (artifact id: '71c8cd97563d262cd0e7671a6c809637') in 0.022432 seconds 
========================================================================
Received Import Request.
  Time since last request: 0.000018 seconds.
  path: Assets/Devs/Prefabs/TripleArrowsWall.prefab
  artifactKey: Guid(02a4041c25e8dcf4eac0e7b8d7d2c9e3) Importer(815301076,1909f56bfc062723c751e8b465ee728b)
Start importing Assets/Devs/Prefabs/TripleArrowsWall.prefab using Guid(02a4041c25e8dcf4eac0e7b8d7d2c9e3) Importer(815301076,1909f56bfc062723c751e8b465ee728b)  -> (artifact id: '9bab9e596de752881bc50246e30d2d34') in 0.019445 seconds 
========================================================================
Received Import Request.
  Time since last request: 0.000016 seconds.
  path: Assets/Devs/Prefabs/Player Controller.prefab
  artifactKey: Guid(9c61fac61adf4bd43b18463b772dd6b6) Importer(815301076,1909f56bfc062723c751e8b465ee728b)
Start importing Assets/Devs/Prefabs/Player Controller.prefab using Guid(9c61fac61adf4bd43b18463b772dd6b6) Importer(815301076,1909f56bfc062723c751e8b465ee728b)  -> (artifact id: '74d2a588a89c1c142224514afeff94b8') in 0.592409 seconds 
========================================================================
Received Import Request.
  Time since last request: 6.242371 seconds.
  path: Assets/Models/sculpture_woman_cut.obj
  artifactKey: Guid(54d271b127e5e2245a6f5fee9c039f6f) Importer(815301076,1909f56bfc062723c751e8b465ee728b)
Start importing Assets/Models/sculpture_woman_cut.obj using Guid(54d271b127e5e2245a6f5fee9c039f6f) Importer(815301076,1909f56bfc062723c751e8b465ee728b)  -> (artifact id: '2758bd616f57ccf40b416cad94b2007e') in 0.203644 seconds 
========================================================================
Received Import Request.
  Time since last request: 4.224490 seconds.
  path: Assets/Devs/Dev mats/Arrows.mat
  artifactKey: Guid(c95641434bc15f343980cfd9b8978ff3) Importer(815301076,1909f56bfc062723c751e8b465ee728b)
Start importing Assets/Devs/Dev mats/Arrows.mat using Guid(c95641434bc15f343980cfd9b8978ff3) Importer(815301076,1909f56bfc062723c751e8b465ee728b)  -> (artifact id: '27ccf8f8e2d3f74b9f515703b247e0ef') in 0.019127 seconds 
========================================================================
Received Import Request.
  Time since last request: 0.000045 seconds.
  path: Assets/Devs/Dev mats/metal.mat
  artifactKey: Guid(22ce16341f7031e4582b5ae80e9a72e4) Importer(815301076,1909f56bfc062723c751e8b465ee728b)
Start importing Assets/Devs/Dev mats/metal.mat using Guid(22ce16341f7031e4582b5ae80e9a72e4) Importer(815301076,1909f56bfc062723c751e8b465ee728b)  -> (artifact id: '589d209aebeac69560154ea316092903') in 0.065340 seconds 
========================================================================
Received Import Request.
  Time since last request: 0.000016 seconds.
  path: Assets/Devs/Dev mats/Material 3.mat
  artifactKey: Guid(4e7793f9392e34e46b0e7360ef9829c8) Importer(815301076,1909f56bfc062723c751e8b465ee728b)
Start importing Assets/Devs/Dev mats/Material 3.mat using Guid(4e7793f9392e34e46b0e7360ef9829c8) Importer(815301076,1909f56bfc062723c751e8b465ee728b)  -> (artifact id: '3a3ca757641a394386c026cfa2ea908e') in 0.019117 seconds 
========================================================================
Received Import Request.
  Time since last request: 0.000023 seconds.
  path: Assets/Devs/Dev mats/bronze_columna.002.mat
  artifactKey: Guid(e917132e3ed92d943a6f45c404a6823d) Importer(815301076,1909f56bfc062723c751e8b465ee728b)
Start importing Assets/Devs/Dev mats/bronze_columna.002.mat using Guid(e917132e3ed92d943a6f45c404a6823d) Importer(815301076,1909f56bfc062723c751e8b465ee728b)  -> (artifact id: '80cbfee3d33f3d468255f777b3dc0975') in 0.015446 seconds 
========================================================================
Received Import Request.
  Time since last request: 0.000024 seconds.
  path: Assets/Devs/Dev mats/Roof.mat
  artifactKey: Guid(56a8c2465744b10468a161238c32b53d) Importer(815301076,1909f56bfc062723c751e8b465ee728b)
Start importing Assets/Devs/Dev mats/Roof.mat using Guid(56a8c2465744b10468a161238c32b53d) Importer(815301076,1909f56bfc062723c751e8b465ee728b)  -> (artifact id: 'b161ca556358292f5c8f5abc7c53521a') in 0.018858 seconds 
========================================================================
Received Import Request.
  Time since last request: 0.000036 seconds.
  path: Assets/Devs/Dev mats/Material.003.mat
  artifactKey: Guid(1c5fecc7a7d2a65408592b66e449df82) Importer(815301076,1909f56bfc062723c751e8b465ee728b)
Start importing Assets/Devs/Dev mats/Material.003.mat using Guid(1c5fecc7a7d2a65408592b66e449df82) Importer(815301076,1909f56bfc062723c751e8b465ee728b)  -> (artifact id: '62b0f1a1d317d4c6118503a907d81e8e') in 0.016180 seconds 
========================================================================
Received Import Request.
  Time since last request: 0.000021 seconds.
  path: Assets/Devs/Dev mats/Material.mat
  artifactKey: Guid(6ef243422da328d499a5d643a9d53246) Importer(815301076,1909f56bfc062723c751e8b465ee728b)
Start importing Assets/Devs/Dev mats/Material.mat using Guid(6ef243422da328d499a5d643a9d53246) Importer(815301076,1909f56bfc062723c751e8b465ee728b)  -> (artifact id: '988a493fb2f5fe71dae8bf1800368c30') in 0.016024 seconds 
========================================================================
Received Import Request.
  Time since last request: 0.000018 seconds.
  path: Assets/Devs/Dev mats/Lavender.mat
  artifactKey: Guid(b1f6eea70fc8a7a4eba6ce06e7b697a4) Importer(815301076,1909f56bfc062723c751e8b465ee728b)
Start importing Assets/Devs/Dev mats/Lavender.mat using Guid(b1f6eea70fc8a7a4eba6ce06e7b697a4) Importer(815301076,1909f56bfc062723c751e8b465ee728b)  -> (artifact id: 'f0e0f8bc40a2f9c9c446ddecc25c55e7') in 0.019609 seconds 
Editor requested this worker to shutdown with reason: Scaling down because of idle timeout
AssetImportWorker is now disconnected from the server
Process exiting
Exiting without the bug reporter. Application will terminate with return code 0